<?xml version="1.0" encoding="UTF-8"?>
<!-- Generated by org.testng.reporters.JUnitReportReporter -->
<testsuite skipped="0" hostname="kysoo-notebook" name="AppiumTutorial.AndroidTestExtServer" tests="2" failures="0" timestamp="17 6월 2019 04:31:15 GMT" time="14.133" errors="0">
  <testcase name="f" time="0.001" classname="AppiumTutorial.AndroidTestExtServer"/>
  <testcase name="editText" time="14.132" classname="AppiumTutorial.AndroidTestExtServer"/>
</testsuite> <!-- AppiumTutorial.AndroidTestExtServer -->
