<?xml version="1.0" encoding="UTF-8"?>
<testng-results skipped="0" failed="0" ignored="0" total="2" passed="2">
  <reporter-output>
  </reporter-output>
  <suite name="Suite" duration-ms="36170" started-at="2019-06-17T04:30:39Z" finished-at="2019-06-17T04:31:15Z">
    <groups>
    </groups>
    <test name="Test" duration-ms="36170" started-at="2019-06-17T04:30:39Z" finished-at="2019-06-17T04:31:15Z">
      <class name="AppiumTutorial.AndroidTestExtServer">
        <test-method status="PASS" signature="beforeTest()[pri:0, instance:AppiumTutorial.AndroidTestExtServer@737996a0]" name="beforeTest" is-config="true" duration-ms="18420" started-at="2019-06-17T04:30:39Z" finished-at="2019-06-17T04:30:57Z">
          <reporter-output>
          </reporter-output>
        </test-method> <!-- beforeTest -->
        <test-method status="PASS" signature="editText()[pri:0, instance:AppiumTutorial.AndroidTestExtServer@737996a0]" name="editText" duration-ms="14132" started-at="2019-06-17T04:30:57Z" finished-at="2019-06-17T04:31:11Z">
          <reporter-output>
          </reporter-output>
        </test-method> <!-- editText -->
        <test-method status="PASS" signature="f()[pri:0, instance:AppiumTutorial.AndroidTestExtServer@737996a0]" name="f" duration-ms="1" started-at="2019-06-17T04:31:11Z" finished-at="2019-06-17T04:31:11Z">
          <reporter-output>
          </reporter-output>
        </test-method> <!-- f -->
        <test-method status="PASS" signature="afterTest()[pri:0, instance:AppiumTutorial.AndroidTestExtServer@737996a0]" name="afterTest" is-config="true" duration-ms="3599" started-at="2019-06-17T04:31:11Z" finished-at="2019-06-17T04:31:15Z">
          <reporter-output>
          </reporter-output>
        </test-method> <!-- afterTest -->
      </class> <!-- AppiumTutorial.AndroidTestExtServer -->
    </test> <!-- Test -->
  </suite> <!-- Suite -->
</testng-results>
