<?xml version="1.0" encoding="UTF-8"?>
<testng-results skipped="0" failed="0" ignored="0" total="2" passed="2">
  <reporter-output>
  </reporter-output>
  <suite name="Default suite" duration-ms="32497" started-at="2019-06-13T04:02:49Z" finished-at="2019-06-13T04:03:22Z">
    <groups>
    </groups>
    <test name="Default test" duration-ms="32497" started-at="2019-06-13T04:02:49Z" finished-at="2019-06-13T04:03:22Z">
      <class name="AppiumTutorial.AndroidTestExtServer">
        <test-method status="PASS" signature="beforeTest()[pri:0, instance:AppiumTutorial.AndroidTestExtServer@204f30ec]" name="beforeTest" is-config="true" duration-ms="15769" started-at="2019-06-13T04:02:49Z" finished-at="2019-06-13T04:03:05Z">
          <reporter-output>
          </reporter-output>
        </test-method> <!-- beforeTest -->
        <test-method status="PASS" signature="editText()[pri:0, instance:AppiumTutorial.AndroidTestExtServer@204f30ec]" name="editText" duration-ms="13539" started-at="2019-06-13T04:03:05Z" finished-at="2019-06-13T04:03:19Z">
          <reporter-output>
          </reporter-output>
        </test-method> <!-- editText -->
        <test-method status="PASS" signature="f()[pri:0, instance:AppiumTutorial.AndroidTestExtServer@204f30ec]" name="f" duration-ms="1" started-at="2019-06-13T04:03:19Z" finished-at="2019-06-13T04:03:19Z">
          <reporter-output>
          </reporter-output>
        </test-method> <!-- f -->
        <test-method status="PASS" signature="afterTest()[pri:0, instance:AppiumTutorial.AndroidTestExtServer@204f30ec]" name="afterTest" is-config="true" duration-ms="3168" started-at="2019-06-13T04:03:19Z" finished-at="2019-06-13T04:03:22Z">
          <reporter-output>
          </reporter-output>
        </test-method> <!-- afterTest -->
      </class> <!-- AppiumTutorial.AndroidTestExtServer -->
    </test> <!-- Default test -->
  </suite> <!-- Default suite -->
</testng-results>
