<?xml version="1.0" encoding="UTF-8"?>
<!-- Generated by org.testng.reporters.JUnitReportReporter -->
<testsuite skipped="0" hostname="DESKTOP-DS7U327" name="AppiumTutorial.AndroidTestExtServer" tests="2" failures="0" timestamp="21 6월 2019 06:38:33 GMT" time="12.816" errors="0">
  <testcase name="f" time="0.000" classname="AppiumTutorial.AndroidTestExtServer"/>
  <testcase name="editText" time="12.816" classname="AppiumTutorial.AndroidTestExtServer"/>
</testsuite> <!-- AppiumTutorial.AndroidTestExtServer -->
